<?xml version="1.0" encoding="UTF-8"?>
<!-- Generated by org.testng.reporters.JUnitReportReporter -->
<testsuite hostname="Knopa" failures="0" tests="4" name="com.api.tests.PetTests" time="7.666" errors="0" timestamp="2025-03-18T16:59:55 EET" skipped="0">
  <testcase classname="com.api.tests.PetTests" name="testUpdatePet" time="0.656"/>
  <system-out/>
  <testcase classname="com.api.tests.PetTests" name="testCreatePet" time="3.840"/>
  <system-out/>
  <testcase classname="com.api.tests.PetTests" name="testGetPet" time="1.839"/>
  <system-out/>
  <testcase classname="com.api.tests.PetTests" name="testDeletePet" time="1.331"/>
  <system-out/>
</testsuite> <!-- com.api.tests.PetTests -->
