<?xml version="1.0" encoding="UTF-8"?>
<!-- Generated by org.testng.reporters.JUnitReportReporter -->
<testsuite hostname="Knopa" failures="0" tests="4" name="com.api.tests.PetTests" time="8.973" errors="0" timestamp="2025-03-19T10:41:12 EET" skipped="0">
  <testcase classname="com.api.tests.PetTests" name="testDeletePet" time="1.333"/>
  <system-out/>
  <testcase classname="com.api.tests.PetTests" name="testGetPet" time="1.241"/>
  <system-out/>
  <testcase classname="com.api.tests.PetTests" name="testCreatePet" time="3.413"/>
  <system-out/>
  <testcase classname="com.api.tests.PetTests" name="testUpdatePet" time="2.986"/>
  <system-out/>
</testsuite> <!-- com.api.tests.PetTests -->
