<?xml version="1.0" encoding="UTF-8"?>
<!-- Generated by org.testng.reporters.JUnitReportReporter -->
<testsuite hostname="Knopa" failures="0" tests="4" name="com.api.tests.PetTests" time="8.301" errors="0" timestamp="2025-03-18T09:30:29 EET" skipped="0">
  <testcase classname="com.api.tests.PetTests" name="testGetPet" time="1.736"/>
  <system-out/>
  <testcase classname="com.api.tests.PetTests" name="testDeletePet" time="0.676"/>
  <system-out/>
  <testcase classname="com.api.tests.PetTests" name="testCreatePet" time="5.190"/>
  <system-out/>
  <testcase classname="com.api.tests.PetTests" name="testUpdatePet" time="0.699"/>
  <system-out/>
</testsuite> <!-- com.api.tests.PetTests -->
